<?xml version="1.0" encoding="UTF-8"?>
<testng-results ignored="0" total="1" passed="1" failed="0" skipped="0">
  <reporter-output>
  </reporter-output>
  <suite started-at="2026-05-14T12:12:05 IST" name="Default suite" finished-at="2026-05-14T12:13:21 IST" duration-ms="75578">
    <groups>
    </groups>
    <test started-at="2026-05-14T12:12:05 IST" name="Default test" finished-at="2026-05-14T12:13:21 IST" duration-ms="75578">
      <class name="tests.AddToCartTest">
        <test-method is-config="true" signature="start()[pri:0, instance:tests.AddToCartTest@3590fc5b]" started-at="2026-05-14T12:12:06 IST" name="start" finished-at="2026-05-14T12:12:20 IST" duration-ms="14413" status="PASS">
          <reporter-output>
          </reporter-output>
        </test-method> <!-- start -->
        <test-method signature="addProductsFromCategories()[pri:0, instance:tests.AddToCartTest@3590fc5b]" started-at="2026-05-14T12:12:20 IST" name="addProductsFromCategories" finished-at="2026-05-14T12:13:21 IST" duration-ms="61081" status="PASS">
          <reporter-output>
          </reporter-output>
        </test-method> <!-- addProductsFromCategories -->
      </class> <!-- tests.AddToCartTest -->
    </test> <!-- Default test -->
  </suite> <!-- Default suite -->
</testng-results>
